This is pdfeTeX, Version 3.141592-1.21a-2.2 (Web2C 7.5.4) (format=pdflatex 2012.12.21)  28 JAN 2013 02:52
entering extended mode
**alpdoc
(./alpdoc.tex
LaTeX2e <2003/12/01>
Babel <v3.8d> and hyphenation patterns for american, french, german, ngerman, b
ahasa, basque, bulgarian, catalan, croatian, czech, danish, dutch, esperanto, e
stonian, finnish, greek, icelandic, irish, italian, latin, magyar, norsk, polis
h, portuges, romanian, russian, serbian, slovak, slovene, spanish, swedish, tur
kish, ukrainian, nohyphenation, loaded.
(./JHEP3.cls
Document Class: JHEP3 2005/09/26 v3.1.4 LaTeX document class - F.N.
(/usr/share/texmf/tex/latex/amsfonts/amssymb.sty
Package: amssymb 2002/01/22 v2.2d

(/usr/share/texmf/tex/latex/amsfonts/amsfonts.sty
Package: amsfonts 2001/10/25 v2.2f
\@emptytoks=\toks14
\symAMSa=\mathgroup4
\symAMSb=\mathgroup5
LaTeX Font Info:    Overwriting math alphabet `\mathfrak' in version `bold'
(Font)                  U/euf/m/n --> U/euf/b/n on input line 132.
))
(/usr/share/texmf/tex/latex/base/size11.clo
File: size11.clo 2004/02/16 v1.4f Standard LaTeX file (size option)
)
(/usr/share/texmf/tex/plain/pdfcolor/pdfcolor.tex)
\titlesk@pa=\skip41
\titlesk@ja=\skip42
\titlesk@pb=\skip43
\titlesk@jb=\skip44
\titlesk@pc=\skip45
\titlesk@jc=\skip46
\titlesk@pd=\skip47
\c@part=\count79
\c@section=\count80
\c@subsection=\count81
\c@subsubsection=\count82
\c@paragraph=\count83
\c@subparagraph=\count84
\prev@t=\toks15
\cur@t=\toks16
\@firstaubox=\box26
\addr@skip=\skip48
\auth@skip=\skip49
\conf@box=\box27
\Jcopy@date=\box28
\Jspecial@url=\box29
\Jacce@month=\box30
\Jacce@year=\count85
\Jacce@number=\box31
\c@figure=\count86
\c@table=\count87
\c@OptionTest=\count88
\@tmpbox=\box32
\figbox=\box33
\tabbox=\box34
\pagebox=\box35
\ffigcount=\count89
\ftabcount=\count90
\hangcount=\count91
\nosuccesstryfig=\count92
\nosuccesstrytab=\count93
\figgutter=\dimen102
\tabgutter=\dimen103
\fl@wd=\dimen104
\fl@ht=\dimen105
\htdone=\dimen106
\pageht=\dimen107
\startpageht=\dimen108
\floatfltwidth=\dimen109
\fltitemwidth=\dimen110
\outputpretest=\toks17
\abovecaptionskip=\skip50
\belowcaptionskip=\skip51
\bibindent=\dimen111
)
(/usr/share/texmf/tex/latex/graphics/epsfig.sty
Package: epsfig 1999/02/16 v1.7a (e)psfig emulation (SPQR)

(/usr/share/texmf/tex/latex/graphics/graphicx.sty
Package: graphicx 1999/02/16 v1.0f Enhanced LaTeX Graphics (DPC,SPQR)

(/usr/share/texmf/tex/latex/graphics/keyval.sty
Package: keyval 1999/03/16 v1.13 key=value parser (DPC)
\KV@toks@=\toks18
)
(/usr/share/texmf/tex/latex/graphics/graphics.sty
Package: graphics 2001/07/07 v1.0n Standard LaTeX Graphics (DPC,SPQR)

(/usr/share/texmf/tex/latex/graphics/trig.sty
Package: trig 1999/03/16 v1.09 sin cos tan (DPC)
)
(/usr/share/texmf/tex/latex/graphics/graphics.cfg
File: graphics.cfg 2005/02/03 v1.3 graphics configuration of teTeX/TeXLive
)
Package graphics Info: Driver file: pdftex.def on input line 80.

(/usr/share/texmf/tex/latex/graphics/pdftex.def
File: pdftex.def 2002/06/19 v0.03k graphics/color for pdftex
\Gread@gobject=\count94
))
\Gin@req@height=\dimen112
\Gin@req@width=\dimen113
)
\epsfxsize=\dimen114
\epsfysize=\dimen115
)
\eqskip=\dimen116
\txtskip=\dimen117
\mysep=\dimen118
\hmysep=\dimen119
 (./alpdoc.aux)
\openout1 = `alpdoc.aux'.

LaTeX Font Info:    Checking defaults for OML/cmm/m/it on input line 264.
LaTeX Font Info:    ... okay on input line 264.
LaTeX Font Info:    Checking defaults for T1/cmr/m/n on input line 264.
LaTeX Font Info:    ... okay on input line 264.
LaTeX Font Info:    Checking defaults for OT1/cmr/m/n on input line 264.
LaTeX Font Info:    ... okay on input line 264.
LaTeX Font Info:    Checking defaults for OMS/cmsy/m/n on input line 264.
LaTeX Font Info:    ... okay on input line 264.
LaTeX Font Info:    Checking defaults for OMX/cmex/m/n on input line 264.
LaTeX Font Info:    ... okay on input line 264.
LaTeX Font Info:    Checking defaults for U/cmr/m/n on input line 264.
LaTeX Font Info:    ... okay on input line 264.


Class JHEP Warning: \keywords{...} should appear before \begin{document}.

LaTeX Font Info:    Try loading font information for U+msa on input line 264.
(/usr/share/texmf/tex/latex/amsfonts/umsa.fd
File: umsa.fd 2002/01/19 v2.2g AMS font definitions
)
LaTeX Font Info:    Try loading font information for U+msb on input line 264.

(/usr/share/texmf/tex/latex/amsfonts/umsb.fd
File: umsb.fd 2002/01/19 v2.2g AMS font definitions
) [0

{/usr/share/texmf-var/fonts/map/pdftex/updmap/pdftex.map}] (./alpdoc.toc [1])
\tf@toc=\write3
\openout3 = `alpdoc.toc'.


(/usr/share/texmf/tex/context/base/supp-pdf.tex
(/usr/share/texmf/tex/context/base/supp-mis.tex
loading : Context Support Macros / Miscellaneous (2004.10.26)
\protectiondepth=\count95
\scratchcounter=\count96
\scratchtoks=\toks19
\scratchdimen=\dimen120
\scratchskip=\skip52
\scratchmuskip=\muskip10
\scratchbox=\box36
\scratchread=\read1
\scratchwrite=\write4
\zeropoint=\dimen121
\onepoint=\dimen122
\onebasepoint=\dimen123
\minusone=\count97
\thousandpoint=\dimen124
\onerealpoint=\dimen125
\emptytoks=\toks20
\nextbox=\box37
\nextdepth=\dimen126
\everyline=\toks21
\!!counta=\count98
\!!countb=\count99
\recursecounter=\count100
)
loading : Context Support Macros / PDF (2004.03.26)
\nofMPsegments=\count101
\nofMParguments=\count102
\MPscratchCnt=\count103
\MPscratchDim=\dimen127
\MPnumerator=\count104
\everyMPtoPDFconversion=\toks22
) [2] [3] [4] [5] [6] [7] [8] [9] [10]

Class JHEP Warning: Please use \TABLE{...} in place of LaTeX environment on inp
ut line 822.

[11]
Overfull \hbox (12.71584pt too wide) in paragraph at lines 899--907
[]\OT1/cmr/m/n/10.95 In the code ini-tial-iza-tion phase, the user can se-lect 
among 4 con-tin-u-ous choices for the parametriza-
 []

[12]

Class JHEP Warning: Please use \TABLE{...} in place of LaTeX environment on inp
ut line 948.


Class JHEP Warning: Please use \TABLE{...} in place of LaTeX environment on inp
ut line 966.


Class JHEP Warning: Please use \TABLE{...} in place of LaTeX environment on inp
ut line 1002.

[13] [14]

Class JHEP Warning: Please use \TABLE{...} in place of LaTeX environment on inp
ut line 1105.


Class JHEP Warning: Please use \TABLE{...} in place of LaTeX environment on inp
ut line 1143.

[15]

Class JHEP Warning: Please use \TABLE{...} in place of LaTeX environment on inp
ut line 1227.


Class JHEP Warning: Please use \TABLE{...} in place of LaTeX environment on inp
ut line 1270.

[16]

Class JHEP Warning: Please use \TABLE{...} in place of LaTeX environment on inp
ut line 1347.

[17]

Class JHEP Warning: Please use \TABLE{...} in place of LaTeX environment on inp
ut line 1383.


LaTeX Warning: `h' float specifier changed to `ht'.


Class JHEP Warning: Please use \TABLE{...} in place of LaTeX environment on inp
ut line 1477.

[18]
Underfull \vbox (badness 10000) has occurred while \output is active []

 [19]

Class JHEP Warning: Please use \TABLE{...} in place of LaTeX environment on inp
ut line 1552.


Overfull \hbox (12.71584pt too wide) in paragraph at lines 1656--1663
[]\OT1/cmr/m/n/10.95 In the code ini-tial-iza-tion phase, the user can se-lect 
among 4 con-tin-u-ous choices for the parametriza-
 []

[20] [21]

Class JHEP Warning: Please use \TABLE{...} in place of LaTeX environment on inp
ut line 1739.


Class JHEP Warning: Please use \TABLE{...} in place of LaTeX environment on inp
ut line 1756.


Class JHEP Warning: Please use \TABLE{...} in place of LaTeX environment on inp
ut line 1783.


Class JHEP Warning: Please use \TABLE{...} in place of LaTeX environment on inp
ut line 1815.


Class JHEP Warning: Please use \TABLE{...} in place of LaTeX environment on inp
ut line 1836.


Class JHEP Warning: Please use \TABLE{...} in place of LaTeX environment on inp
ut line 1853.

[22] [23]

Class JHEP Warning: Please use \TABLE{...} in place of LaTeX environment on inp
ut line 1918.


Class JHEP Warning: Please use \TABLE{...} in place of LaTeX environment on inp
ut line 1978.

[24]

Class JHEP Warning: Please use \TABLE{...} in place of LaTeX environment on inp
ut line 2048.

[25]

Class JHEP Warning: Please use \TABLE{...} in place of LaTeX environment on inp
ut line 2089.


Class JHEP Warning: Please use \TABLE{...} in place of LaTeX environment on inp
ut line 2139.

[26]

Class JHEP Warning: Please use \TABLE{...} in place of LaTeX environment on inp
ut line 2216.

[27]

Class JHEP Warning: Please use \TABLE{...} in place of LaTeX environment on inp
ut line 2285.

[28]

Class JHEP Warning: Please use \TABLE{...} in place of LaTeX environment on inp
ut line 2330.


Class JHEP Warning: Please use \TABLE{...} in place of LaTeX environment on inp
ut line 2363.


LaTeX Warning: `h' float specifier changed to `ht'.


Class JHEP Warning: Please use \TABLE{...} in place of LaTeX environment on inp
ut line 2471.

[29]

Class JHEP Warning: Please use \TABLE{...} in place of LaTeX environment on inp
ut line 2518.


Overfull \hbox (12.71584pt too wide) in paragraph at lines 2570--2577
[]\OT1/cmr/m/n/10.95 In the code ini-tial-iza-tion phase, the user can se-lect 
among 3 con-tin-u-ous choices for the parametriza-
 []

[30]

Class JHEP Warning: Please use \TABLE{...} in place of LaTeX environment on inp
ut line 2597.

[31] [32]

Class JHEP Warning: Please use \TABLE{...} in place of LaTeX environment on inp
ut line 2674.


Class JHEP Warning: Please use \TABLE{...} in place of LaTeX environment on inp
ut line 2728.

[33]

Class JHEP Warning: Please use \TABLE{...} in place of LaTeX environment on inp
ut line 2771.

[34]

Class JHEP Warning: Please use \TABLE{...} in place of LaTeX environment on inp
ut line 2875.


Class JHEP Warning: Please use \TABLE{...} in place of LaTeX environment on inp
ut line 2927.


Overfull \hbox (25.53105pt too wide) in paragraph at lines 2929--2978
 [] 
 []

[35]
Overfull \hbox (12.71584pt too wide) in paragraph at lines 3004--3012
[]\OT1/cmr/m/n/10.95 In the code ini-tial-iza-tion phase, the user can se-lect 
among 4 con-tin-u-ous choices for the parametriza-
 []

[36]

Class JHEP Warning: Please use \TABLE{...} in place of LaTeX environment on inp
ut line 3046.

[37]

Class JHEP Warning: Please use \TABLE{...} in place of LaTeX environment on inp
ut line 3125.

[38]

Class JHEP Warning: Please use \TABLE{...} in place of LaTeX environment on inp
ut line 3190.


Class JHEP Warning: Please use \TABLE{...} in place of LaTeX environment on inp
ut line 3209.


Underfull \vbox (badness 2837) has occurred while \output is active []

 [39]
[40]
Overfull \hbox (22.88011pt too wide) in paragraph at lines 3325--3337
[]\OT1/cmr/m/n/10.95 The di-rec-to-ries \OT1/cmtt/m/n/10.95 *lib/ \OT1/cmr/m/n/
10.95 (\OT1/cmtt/m/n/10.95 *=wqq, zqq, wcjet, wjet, zjet, hjet, vbjet, 2Q, 4Q, 
QQh, Njet,
 []

[41] [42] [43] [44] [45] [46] [47] [48] [49] [50]
Overfull \hbox (0.3151pt too wide) in paragraph at lines 3915--3918
\OT1/cmr/m/n/10.95 The dif-fer-ent chan-nels can be se-lected at run time spec-
i-fy-ing the pa-ram-e-ters \OT1/cmtt/m/n/10.95 itopprc \OT1/cmr/m/n/10.95 (=1,2
,3,4
 []

[51] [52] [53] [54]
Underfull \vbox (badness 10000) has occurred while \output is active []

 [55]
[56] (./alpdoc.aux) ) 
Here is how much of TeX's memory you used:
 2110 strings out of 94500
 21960 string characters out of 1176765
 89370 words of memory out of 1000000
 5275 multiletter control sequences out of 10000+50000
 20468 words of font info for 80 fonts, out of 500000 for 2000
 580 hyphenation exceptions out of 1000
 32i,12n,27p,1027b,340s stack positions out of 1500i,500n,5000p,200000b,5000s
PDF statistics:
 250 PDF objects out of 300000
 0 named destinations out of 131072
 1 words of extra memory for PDF output out of 65536
</usr/share/texmf/fonts/type1/bluesky/cm/cmtt9.pfb></usr/s
hare/texmf/fonts/type1/bluesky/cm/cmmi9.pfb></usr/share/texmf/fonts/type1/blues
ky/cm/cmsy7.pfb></usr/share/texmf/fonts/type1/bluesky/cm/cmr7.pfb></usr/share/t
exmf/fonts/type1/bluesky/cm/cmr5.pfb></usr/share/texmf/fonts/type1/bluesky/cm/c
mmi7.pfb></usr/share/texmf/fonts/type1/bluesky/cm/cmmi8.pfb></usr/share/texmf/f
onts/type1/bluesky/cm/cmex10.pfb></usr/share/texmf/fonts/type1/bluesky/cm/cmr8.
pfb></usr/share/texmf/fonts/type1/bluesky/cm/cmr9.pfb></usr/share/texmf/fonts/t
ype1/bluesky/cm/cmsy6.pfb></usr/share/texmf/fonts/type1/bluesky/cm/cmbx8.pfb></
usr/share/texmf/fonts/type1/bluesky/cm/cmbx10.pfb></usr/share/texmf/fonts/type1
/bluesky/cm/cmbx12.pfb></usr/share/texmf/fonts/type1/bluesky/cm/cmmi10.pfb></us
r/share/texmf/fonts/type1/bluesky/cm/cmcsc10.pfb></usr/share/texmf/fonts/type1/
bluesky/cm/cmtt10.pfb></usr/share/texmf/fonts/type1/bluesky/cm/cmti10.pfb></usr
/share/texmf/fonts/type1/bluesky/cm/cmsy8.pfb></usr/share/texmf/fonts/type1/blu
esky/cm/cmsy10.pfb></usr/share/texmf/fonts/type1/bluesky/cm/cmssbx10.pfb></usr/
share/texmf/fonts/type1/bluesky/cm/cmr10.pfb></usr/share/texmf/fonts/type1/blue
sky/cm/cmr6.pfb>
Output written on alpdoc.pdf (57 pages, 398632 bytes).
